<?xml version="1.0" encoding="UTF-8"?>
<!-- Generated by org.testng.reporters.JUnitReportReporter -->
<testsuite hostname="DESKTOP-415QM4K" failures="0" tests="1" name="testscripts.ListReposForAuthUserTest" time="6.869" errors="0" timestamp="2023-06-02T16:12:15 IST" skipped="0">
  <testcase classname="testscripts.ListReposForAuthUserTest" name="getReposFouAuthUserTest" time="6.869"/>
  <system-out/>
</testsuite> <!-- testscripts.ListReposForAuthUserTest -->
