<?xml version="1.0" encoding="UTF-8"?>
<!-- Generated by org.testng.reporters.JUnitReportReporter -->
<testsuite hostname="DESKTOP-415QM4K" failures="0" tests="1" name="testscripts.CreateAndDeleteRepoTest" time="10.361" errors="0" timestamp="2023-06-03T16:31:55 IST" skipped="0">
  <testcase classname="testscripts.CreateAndDeleteRepoTest" name="createAndDeleteRepoTest" time="10.361"/>
  <system-out/>
</testsuite> <!-- testscripts.CreateAndDeleteRepoTest -->
