<?xml version="1.0" encoding="UTF-8"?>
<!-- Generated by org.testng.reporters.JUnitReportReporter -->
<testsuite hostname="DESKTOP-415QM4K" failures="0" tests="1" name="testscripts.GetARepoTest" time="5.915" errors="0" timestamp="2023-06-02T17:26:37 IST" skipped="0">
  <testcase classname="testscripts.GetARepoTest" name="getARepoTest" time="5.915"/>
  <system-out/>
</testsuite> <!-- testscripts.GetARepoTest -->
