<?xml version="1.0" encoding="UTF-8"?>
<!-- Generated by org.testng.reporters.JUnitReportReporter -->
<testsuite hostname="DESKTOP-415QM4K" failures="0" tests="1" name="testscripts.SearchReposTest" time="5.886" errors="0" timestamp="2023-06-03T15:55:46 IST" skipped="0">
  <testcase classname="testscripts.SearchReposTest" name="searchReposTest" time="5.886"/>
  <system-out/>
</testsuite> <!-- testscripts.SearchReposTest -->
