<?xml version="1.0" encoding="UTF-8"?>
<!-- Generated by org.testng.reporters.JUnitReportReporter -->
<testsuite hostname="DESKTOP-415QM4K" failures="0" tests="1" name="testscripts.ListReposForUserTest" time="6.867" errors="0" timestamp="2023-06-02T17:12:00 IST" skipped="0">
  <testcase classname="testscripts.ListReposForUserTest" name="getReposForUserTest" time="6.867"/>
  <system-out/>
</testsuite> <!-- testscripts.ListReposForUserTest -->
