<?xml version="1.0" encoding="UTF-8"?>
<!-- Generated by org.testng.reporters.JUnitReportReporter -->
<testsuite hostname="DESKTOP-415QM4K" failures="0" tests="1" name="testscripts.CreateRepoTest" time="7.166" errors="0" timestamp="2023-06-02T15:57:08 IST" skipped="0">
  <testcase classname="testscripts.CreateRepoTest" name="createRepoForAuthUserTest" time="7.166"/>
  <system-out/>
</testsuite> <!-- testscripts.CreateRepoTest -->
